SF:lib\src\controller\app.dart
DA:32,2
DA:36,0
DA:41,0
DA:48,0
DA:57,0
DA:60,0
DA:64,0
DA:72,2
DA:75,0
LF:9
LH:2
end_of_record
SF:lib\src\controller\util\handle_error.dart
DA:21,0
DA:22,0
DA:24,0
DA:26,0
DA:27,0
DA:29,0
DA:31,0
DA:37,0
DA:40,0
DA:41,0
LF:10
LH:0
end_of_record
SF:lib\src\view\app_statefulwidget.dart
DA:54,1
DA:62,1
DA:68,1
DA:70,2
DA:80,0
DA:87,1
DA:89,1
DA:90,1
DA:91,1
DA:93,3
DA:97,1
DA:100,1
DA:101,0
DA:103,0
DA:106,2
DA:109,0
DA:112,0
DA:115,0
DA:118,0
DA:121,0
DA:122,0
DA:127,0
DA:130,0
DA:133,0
DA:138,0
DA:144,0
DA:147,0
DA:151,0
DA:154,0
DA:156,0
DA:158,0
DA:165,1
DA:166,1
DA:167,1
DA:168,0
DA:170,0
DA:171,0
DA:174,1
DA:176,0
DA:178,0
DA:180,0
DA:182,0
DA:189,0
DA:194,0
DA:196,0
DA:198,2
DA:199,0
DA:200,0
DA:202,0
DA:203,0
DA:205,0
DA:208,0
DA:210,0
DA:224,2
DA:238,0
DA:242,0
DA:247,0
DA:250,0
DA:252,0
DA:258,0
DA:262,0
DA:271,0
DA:272,0
DA:273,0
DA:275,0
DA:276,0
LF:66
LH:18
end_of_record
SF:lib\src\view\app_state.dart
DA:42,0
DA:129,0
DA:130,0
DA:178,0
DA:179,0
DA:180,0
DA:182,0
DA:183,0
DA:184,0
DA:185,0
DA:186,0
DA:187,0
DA:189,0
DA:190,0
DA:192,0
DA:193,0
DA:194,0
DA:195,0
DA:196,0
DA:197,0
DA:199,0
DA:200,0
DA:203,0
DA:204,0
DA:208,0
DA:209,0
DA:224,0
DA:226,0
DA:271,0
DA:274,0
DA:277,0
DA:280,0
DA:284,0
DA:287,0
DA:290,0
DA:293,0
DA:294,0
DA:297,0
DA:301,0
DA:304,0
DA:305,0
DA:306,0
DA:307,0
DA:308,0
DA:309,0
DA:310,0
DA:311,0
DA:312,0
DA:313,0
DA:315,0
DA:316,0
DA:317,0
DA:318,0
DA:319,0
DA:320,0
DA:322,0
DA:324,0
DA:326,0
DA:327,0
DA:329,0
DA:331,0
DA:333,0
DA:335,0
DA:337,0
DA:338,0
DA:339,0
DA:340,0
DA:341,0
DA:343,0
DA:346,0
DA:347,0
DA:348,0
DA:349,0
DA:350,0
DA:351,0
DA:352,0
DA:354,0
DA:355,0
DA:356,0
DA:357,0
DA:358,0
DA:359,0
DA:360,0
DA:362,0
DA:363,0
DA:364,0
DA:365,0
DA:366,0
DA:367,0
DA:368,0
DA:369,0
DA:370,0
DA:372,0
DA:374,0
DA:375,0
DA:377,0
DA:379,0
DA:380,0
DA:381,0
DA:383,0
DA:385,0
DA:387,0
DA:388,0
DA:389,0
DA:390,0
DA:391,0
DA:393,0
DA:396,0
DA:397,0
DA:399,0
DA:401,0
DA:402,0
DA:403,0
DA:404,0
DA:405,0
DA:406,0
DA:407,0
DA:408,0
DA:409,0
DA:410,0
DA:412,0
DA:414,0
DA:415,0
DA:417,0
DA:419,0
DA:420,0
DA:421,0
DA:423,0
DA:425,0
DA:427,0
DA:428,0
DA:429,0
DA:430,0
DA:431,0
DA:433,0
DA:434,0
DA:435,0
DA:441,0
DA:443,0
DA:444,0
DA:448,0
DA:451,0
DA:454,0
DA:456,0
DA:457,0
DA:458,0
DA:459,0
DA:461,0
DA:463,0
DA:467,0
DA:469,0
DA:470,0
DA:474,0
DA:475,0
DA:479,0
DA:480,0
DA:481,0
DA:484,0
DA:485,0
DA:486,0
DA:487,0
DA:489,0
DA:490,0
DA:491,0
DA:495,0
DA:496,0
DA:499,0
DA:500,0
DA:502,0
DA:503,0
DA:507,0
DA:508,0
DA:512,0
DA:513,0
DA:515,0
DA:516,0
DA:520,0
DA:522,0
DA:523,0
DA:525,0
DA:527,0
DA:528,0
DA:530,0
DA:531,0
DA:533,0
DA:534,0
DA:535,0
DA:538,0
DA:539,0
DA:541,0
DA:543,0
DA:545,0
DA:547,0
DA:549,0
DA:551,0
DA:553,0
DA:554,0
DA:556,0
DA:572,0
DA:573,0
DA:576,0
DA:577,0
DA:579,0
DA:580,0
DA:583,0
DA:585,0
DA:587,0
DA:589,0
DA:591,0
DA:593,0
DA:594,0
DA:598,0
DA:599,0
DA:602,0
DA:604,0
DA:607,0
DA:608,0
DA:611,0
DA:612,0
DA:614,0
DA:615,0
DA:617,0
DA:618,0
DA:620,0
DA:621,0
DA:629,0
DA:676,0
DA:682,0
DA:684,0
DA:685,0
DA:688,0
DA:689,0
DA:690,0
DA:691,0
DA:692,0
DA:693,0
DA:694,0
DA:695,0
DA:696,0
DA:697,0
DA:698,0
DA:699,0
DA:701,0
DA:703,0
DA:704,0
DA:705,0
DA:707,0
DA:708,0
DA:710,0
DA:712,0
DA:716,0
DA:768,0
DA:771,0
DA:773,0
DA:780,0
DA:782,0
DA:783,0
DA:784,0
DA:785,0
DA:786,0
DA:791,0
DA:792,0
DA:798,0
DA:799,0
DA:804,0
DA:806,0
DA:807,0
DA:811,0
DA:812,0
DA:813,0
DA:814,0
LF:271
LH:0
end_of_record
SF:lib\src\view\app_menu.dart
DA:73,0
DA:74,0
DA:86,0
DA:96,0
DA:97,0
DA:98,0
DA:99,0
DA:100,0
DA:101,0
DA:103,0
DA:105,0
DA:108,0
DA:109,0
DA:110,0
DA:111,0
DA:112,0
DA:116,0
DA:117,0
DA:118,0
DA:122,0
DA:123,0
DA:124,0
DA:128,0
DA:129,0
DA:130,0
DA:132,0
DA:138,0
DA:145,0
DA:146,0
DA:147,0
DA:148,0
DA:149,0
DA:150,0
DA:151,0
DA:152,0
DA:158,0
DA:162,0
DA:165,0
DA:167,0
DA:180,0
DA:182,0
DA:187,0
DA:190,0
DA:194,0
DA:198,0
DA:208,0
DA:209,0
DA:210,0
DA:223,0
DA:260,0
DA:262,0
DA:265,0
DA:271,0
DA:272,0
DA:274,0
DA:275,0
DA:276,0
DA:277,0
DA:283,0
DA:286,0
DA:287,0
DA:288,0
DA:290,0
DA:291,0
DA:296,0
DA:299,0
DA:302,0
DA:305,0
DA:308,0
DA:311,0
DA:314,0
DA:317,0
DA:320,0
DA:323,0
DA:326,0
DA:329,0
DA:332,0
DA:335,0
DA:337,0
DA:338,0
DA:339,0
DA:348,0
DA:352,0
DA:371,0
DA:372,0
DA:373,0
DA:374,0
DA:375,0
DA:377,0
DA:378,0
DA:379,0
DA:380,0
DA:381,0
DA:382,0
DA:383,0
DA:384,0
DA:385,0
DA:387,0
DA:388,0
DA:389,0
DA:390,0
DA:391,0
DA:392,0
DA:393,0
DA:396,0
DA:397,0
DA:398,0
LF:107
LH:0
end_of_record
SF:lib\src\view\utils\field_widgets.dart
DA:39,0
DA:42,0
DA:45,0
DA:48,0
DA:51,0
DA:55,0
DA:57,0
DA:58,0
DA:60,0
DA:62,0
DA:71,0
DA:72,0
DA:76,0
DA:77,0
DA:81,0
DA:85,0
DA:88,0
DA:90,0
DA:91,0
DA:92,0
DA:101,0
DA:104,0
DA:107,0
DA:108,0
DA:130,0
DA:134,0
DA:135,0
DA:136,0
DA:137,0
DA:140,0
DA:141,0
DA:142,0
DA:144,0
DA:150,0
DA:151,0
DA:154,0
DA:159,0
DA:161,0
DA:162,0
DA:165,0
DA:166,0
DA:169,0
DA:170,0
DA:174,0
DA:176,0
DA:178,0
DA:181,0
DA:183,0
DA:184,0
DA:187,0
DA:189,0
DA:191,0
DA:221,0
DA:309,0
DA:310,0
DA:312,0
DA:314,0
DA:315,0
DA:316,0
DA:319,0
DA:321,0
DA:324,0
DA:325,0
DA:330,0
DA:331,0
DA:335,0
DA:336,0
DA:337,0
DA:338,0
DA:339,0
DA:340,0
DA:343,0
DA:344,0
DA:345,0
DA:347,0
DA:348,0
DA:349,0
DA:351,0
DA:352,0
DA:353,0
DA:354,0
DA:355,0
DA:365,0
DA:367,0
DA:472,0
DA:478,0
DA:480,0
DA:481,0
DA:482,0
DA:483,0
DA:485,0
DA:488,0
DA:489,0
DA:490,0
DA:492,0
DA:493,0
DA:494,0
DA:495,0
DA:496,0
DA:497,0
DA:498,0
DA:499,0
DA:500,0
DA:501,0
DA:502,0
DA:503,0
DA:506,0
DA:507,0
DA:508,0
DA:509,0
DA:510,0
DA:511,0
DA:512,0
DA:513,0
DA:514,0
DA:515,0
DA:516,0
DA:517,0
DA:518,0
DA:519,0
DA:520,0
DA:521,0
DA:525,0
DA:557,0
DA:558,0
DA:559,0
DA:560,0
DA:561,0
DA:562,0
DA:563,0
DA:564,0
DA:565,0
DA:566,0
DA:567,0
DA:568,0
DA:571,0
DA:572,0
DA:573,0
DA:574,0
DA:575,0
DA:576,0
DA:577,0
DA:578,0
DA:579,0
DA:580,0
DA:581,0
DA:582,0
DA:583,0
DA:584,0
DA:585,0
DA:586,0
DA:588,0
DA:589,0
DA:590,0
DA:591,0
DA:596,0
DA:628,0
DA:629,0
DA:630,0
DA:635,0
DA:638,0
DA:639,0
DA:640,0
DA:641,0
DA:642,0
DA:643,0
DA:644,0
DA:645,0
DA:646,0
DA:650,0
DA:651,0
DA:652,0
DA:653,0
DA:655,0
DA:657,0
DA:658,0
DA:659,0
DA:660,0
DA:661,0
DA:662,0
DA:663,0
DA:664,0
DA:665,0
DA:666,0
DA:667,0
DA:672,0
DA:675,0
DA:678,0
DA:680,0
DA:681,0
DA:687,0
DA:694,0
DA:700,0
DA:702,0
DA:703,0
DA:704,0
DA:705,0
DA:707,0
DA:709,0
DA:711,0
DA:712,0
DA:713,0
DA:714,0
DA:715,0
DA:716,0
DA:717,0
DA:718,0
DA:719,0
DA:720,0
DA:721,0
DA:722,0
DA:726,0
DA:740,0
DA:741,0
DA:742,0
DA:743,0
DA:744,0
DA:745,0
DA:746,0
DA:747,0
DA:748,0
DA:749,0
DA:750,0
DA:754,0
DA:756,0
DA:758,0
DA:763,0
DA:764,0
DA:765,0
DA:767,0
DA:768,0
DA:769,0
DA:770,0
DA:771,0
DA:772,0
DA:773,0
DA:774,0
DA:775,0
DA:776,0
DA:777,0
DA:778,0
DA:779,0
DA:780,0
DA:785,0
DA:799,0
DA:800,0
DA:801,0
DA:802,0
DA:803,0
DA:804,0
DA:805,0
DA:806,0
DA:807,0
DA:808,0
DA:809,0
DA:813,0
DA:815,0
DA:817,0
DA:822,0
DA:823,0
DA:824,0
DA:825,0
DA:826,0
DA:827,0
DA:828,0
DA:829,0
DA:830,0
DA:831,0
DA:834,0
DA:844,0
DA:845,0
DA:846,0
DA:847,0
DA:848,0
DA:849,0
DA:850,0
DA:851,0
DA:852,0
DA:855,0
DA:856,0
DA:857,0
DA:858,0
DA:859,0
DA:860,0
DA:861,0
DA:863,0
DA:864,0
DA:865,0
DA:866,0
DA:867,0
DA:868,0
DA:869,0
DA:870,0
DA:871,0
DA:872,0
DA:873,0
DA:874,0
DA:875,0
DA:876,0
DA:877,0
DA:878,0
DA:879,0
DA:880,0
DA:881,0
DA:884,0
DA:897,0
DA:898,0
DA:899,0
DA:900,0
DA:901,0
DA:902,0
DA:903,0
DA:904,0
DA:905,0
DA:906,0
DA:907,0
DA:908,0
DA:912,0
DA:914,0
DA:917,0
DA:919,0
DA:922,0
DA:925,0
DA:927,0
DA:928,0
DA:929,0
DA:930,0
DA:931,0
DA:932,0
DA:933,0
DA:934,0
DA:935,0
DA:936,0
DA:937,0
DA:938,0
DA:939,0
DA:942,0
DA:954,0
DA:955,0
DA:956,0
DA:957,0
DA:958,0
DA:959,0
DA:960,0
DA:961,0
DA:962,0
DA:963,0
DA:964,0
DA:968,0
DA:970,0
DA:971,0
DA:972,0
DA:973,0
DA:974,0
DA:975,0
DA:976,0
DA:977,0
DA:978,0
DA:981,0
DA:989,0
DA:990,0
DA:991,0
DA:992,0
DA:993,0
DA:994,0
DA:995,0
DA:998,0
DA:999,0
DA:1000,0
DA:1001,0
DA:1002,0
DA:1003,0
DA:1004,0
DA:1005,0
DA:1006,0
DA:1007,0
DA:1008,0
DA:1009,0
DA:1010,0
DA:1013,0
DA:1025,0
DA:1026,0
DA:1027,0
DA:1028,0
DA:1029,0
DA:1030,0
DA:1031,0
DA:1032,0
DA:1033,0
DA:1034,0
DA:1035,0
DA:1039,0
DA:1040,0
DA:1041,0
DA:1042,0
DA:1043,0
DA:1044,0
DA:1048,0
DA:1049,0
DA:1064,0
DA:1067,0
DA:1070,0
DA:1072,0
DA:1073,0
DA:1074,0
DA:1075,0
DA:1076,0
DA:1077,0
DA:1078,0
DA:1079,0
DA:1082,0
DA:1089,0
DA:1090,0
DA:1091,0
DA:1092,0
DA:1093,0
DA:1094,0
DA:1095,0
DA:1096,0
DA:1097,0
DA:1098,0
DA:1102,0
DA:1105,0
DA:1106,0
DA:1108,0
DA:1112,0
DA:1116,0
DA:1118,0
DA:1121,0
DA:1123,0
DA:1125,0
DA:1126,0
DA:1127,0
DA:1130,0
DA:1138,0
DA:1140,0
DA:1141,0
DA:1145,0
DA:1150,0
DA:1153,0
DA:1156,0
DA:1159,0
DA:1160,0
DA:1162,0
DA:1164,0
DA:1165,0
DA:1166,0
DA:1167,0
DA:1168,0
DA:1169,0
DA:1170,0
DA:1172,0
DA:1174,0
DA:1177,0
DA:1181,0
DA:1185,0
DA:1188,0
DA:1189,0
DA:1190,0
DA:1191,0
DA:1192,0
DA:1193,0
DA:1194,0
DA:1196,0
DA:1199,0
DA:1200,0
DA:1203,0
DA:1206,0
DA:1208,0
DA:1209,0
DA:1215,0
DA:1217,0
DA:1219,0
DA:1221,0
DA:1222,0
DA:1225,0
DA:1227,0
DA:1234,0
DA:1241,0
DA:1247,0
DA:1248,0
DA:1252,0
DA:1255,0
DA:1258,0
DA:1261,0
DA:1264,0
DA:1266,0
DA:1267,0
DA:1268,0
DA:1269,0
DA:1272,0
DA:1274,0
DA:1275,0
DA:1276,0
DA:1277,0
DA:1279,0
DA:1281,0
DA:1283,0
DA:1287,0
DA:1295,0
DA:1296,0
DA:1297,0
DA:1298,0
DA:1299,0
DA:1307,0
DA:1314,0
DA:1322,0
DA:1324,0
DA:1325,0
DA:1326,0
DA:1327,0
DA:1340,0
DA:1341,0
DA:1342,0
DA:1344,0
DA:1345,0
DA:1347,0
DA:1348,0
DA:1350,0
DA:1351,0
DA:1356,0
DA:1357,0
DA:1366,0
DA:1369,0
DA:1372,0
DA:1376,0
DA:1377,0
DA:1378,0
DA:1382,0
DA:1385,0
DA:1387,0
DA:1391,0
DA:1395,0
DA:1397,0
DA:1398,0
DA:1400,0
DA:1405,0
DA:1406,0
DA:1409,0
DA:1414,0
DA:1416,0
DA:1420,0
DA:1429,0
DA:1438,0
DA:1439,0
DA:1447,0
DA:1449,0
DA:1450,0
DA:1451,0
DA:1452,0
DA:1453,0
DA:1455,0
DA:1458,0
DA:1462,0
DA:1465,0
DA:1466,0
DA:1467,0
DA:1468,0
DA:1469,0
DA:1470,0
DA:1472,0
DA:1477,0
DA:1478,0
DA:1479,0
DA:1480,0
DA:1483,0
DA:1484,0
DA:1485,0
DA:1488,0
DA:1492,0
DA:1493,0
DA:1494,0
DA:1495,0
DA:1497,0
DA:1498,0
DA:1500,0
DA:1504,0
DA:1505,0
DA:1506,0
DA:1507,0
DA:1508,0
DA:1510,0
DA:1511,0
DA:1512,0
DA:1513,0
DA:1516,0
DA:1517,0
DA:1518,0
DA:1519,0
DA:1521,0
DA:1523,0
DA:1524,0
DA:1526,0
DA:1527,0
DA:1530,0
DA:1532,0
DA:1533,0
DA:1534,0
DA:1536,0
DA:1539,0
DA:1541,0
DA:1543,0
DA:1544,0
DA:1548,0
DA:1551,0
DA:1552,0
DA:1553,0
DA:1554,0
DA:1555,0
DA:1556,0
DA:1557,0
DA:1559,0
DA:1560,0
DA:1561,0
DA:1564,0
DA:1565,0
DA:1566,0
DA:1567,0
DA:1568,0
DA:1569,0
DA:1571,0
DA:1584,0
DA:1589,0
DA:1593,0
DA:1594,0
DA:1597,0
DA:1600,0
LF:627
LH:0
end_of_record
SF:lib\src\view\app.dart
DA:45,1
DA:51,1
DA:53,1
DA:59,1
DA:68,0
DA:72,0
DA:73,0
DA:80,0
DA:85,0
DA:94,0
DA:100,0
DA:106,0
DA:111,0
DA:113,0
DA:115,0
DA:118,0
DA:123,0
DA:124,0
DA:125,0
DA:127,0
DA:129,0
DA:131,0
DA:135,0
DA:136,0
DA:138,0
DA:142,0
DA:146,0
DA:150,0
DA:155,1
DA:159,0
DA:172,0
DA:173,0
DA:174,0
DA:175,0
DA:176,0
DA:180,0
DA:181,0
DA:182,0
DA:183,0
DA:184,0
DA:185,0
DA:188,0
DA:189,0
DA:190,0
DA:194,0
DA:195,0
DA:197,0
DA:202,0
DA:203,0
DA:204,0
DA:206,0
DA:211,0
DA:212,0
DA:214,0
DA:219,0
DA:220,0
DA:222,0
DA:227,0
DA:228,0
DA:230,0
DA:235,0
DA:236,0
DA:238,0
DA:243,0
DA:244,0
DA:245,0
DA:247,0
DA:252,0
DA:253,0
DA:255,0
DA:260,0
DA:261,0
DA:263,0
DA:268,0
DA:269,0
DA:271,0
DA:277,0
DA:278,0
DA:282,0
DA:284,0
DA:286,0
DA:289,0
DA:293,0
DA:302,0
DA:304,0
DA:308,0
DA:310,0
DA:311,0
DA:312,0
DA:315,0
DA:319,0
DA:325,0
DA:328,0
DA:330,0
DA:333,0
DA:335,0
DA:336,0
DA:342,0
DA:344,0
DA:348,0
DA:354,0
DA:355,0
DA:357,0
DA:362,0
DA:363,0
DA:364,0
DA:365,0
DA:366,0
DA:368,0
DA:370,0
DA:375,0
DA:380,0
DA:381,0
DA:383,0
DA:389,0
DA:390,0
DA:394,0
DA:395,0
DA:396,0
DA:410,0
DA:411,0
DA:412,0
DA:415,0
DA:420,0
DA:421,0
DA:422,0
DA:424,0
DA:429,0
DA:430,0
DA:432,0
DA:437,0
DA:438,0
DA:440,0
DA:445,0
DA:446,0
DA:448,0
DA:453,0
DA:454,0
DA:455,0
DA:457,0
DA:462,0
DA:463,0
DA:464,0
DA:466,0
DA:471,0
DA:472,0
DA:474,0
DA:479,0
DA:480,0
DA:481,0
DA:483,0
DA:488,0
DA:489,0
DA:491,0
DA:496,0
DA:497,0
DA:498,0
DA:500,0
DA:505,0
DA:506,0
DA:507,0
DA:509,0
DA:514,0
DA:515,0
DA:516,0
DA:518,0
DA:523,0
DA:524,0
DA:525,0
DA:527,0
DA:532,0
DA:533,0
DA:534,0
DA:545,0
DA:548,0
DA:551,0
DA:554,0
DA:557,0
DA:560,0
DA:563,0
DA:579,0
DA:580,0
DA:581,0
DA:601,0
DA:602,0
DA:603,0
DA:605,0
DA:609,0
DA:612,0
DA:617,0
DA:618,0
DA:619,0
DA:623,0
DA:626,0
DA:629,0
DA:630,0
DA:631,0
DA:632,0
DA:633,0
DA:638,0
DA:642,0
DA:645,0
DA:649,0
DA:652,0
DA:658,0
DA:663,0
DA:667,0
DA:671,0
DA:674,2
DA:677,1
DA:680,2
DA:686,0
DA:689,0
DA:695,0
DA:698,0
DA:701,0
DA:705,0
DA:708,0
DA:709,0
DA:710,0
DA:714,0
DA:716,0
DA:726,0
DA:729,0
DA:732,0
DA:736,0
DA:753,0
DA:756,0
DA:757,0
DA:759,0
DA:761,0
DA:762,0
DA:763,0
DA:770,0
DA:776,0
DA:778,0
DA:779,0
DA:790,0
DA:792,0
DA:797,0
DA:799,0
DA:804,0
DA:807,0
DA:812,0
DA:814,0
DA:815,0
DA:816,0
DA:818,0
DA:819,0
DA:821,0
DA:822,0
DA:823,0
DA:824,0
LF:253
LH:8
end_of_record
SF:lib\src\controller\schedule_notificaitons.dart
DA:73,0
DA:140,0
DA:142,0
DA:144,0
DA:147,0
DA:148,0
DA:149,0
DA:150,0
DA:151,0
DA:152,0
DA:153,0
DA:154,0
DA:155,0
DA:156,0
DA:157,0
DA:158,0
DA:159,0
DA:160,0
DA:161,0
DA:162,0
DA:163,0
DA:164,0
DA:165,0
DA:166,0
DA:167,0
DA:168,0
DA:170,0
DA:171,0
DA:172,0
DA:173,0
DA:174,0
DA:175,0
DA:176,0
DA:178,0
DA:179,0
DA:180,0
DA:181,0
DA:182,0
DA:183,0
DA:184,0
DA:185,0
DA:186,0
DA:187,0
DA:188,0
DA:189,0
DA:190,0
DA:191,0
DA:192,0
DA:193,0
DA:194,0
DA:195,0
DA:196,0
DA:197,0
DA:198,0
DA:199,0
DA:200,0
DA:201,0
DA:202,0
DA:203,0
DA:204,0
DA:205,0
DA:206,0
DA:207,0
DA:208,0
DA:291,0
DA:357,0
DA:358,0
DA:361,0
DA:364,0
DA:367,0
DA:370,0
DA:373,0
DA:376,0
DA:379,0
DA:382,0
DA:385,0
DA:388,0
DA:391,0
DA:394,0
DA:397,0
DA:400,0
DA:403,0
DA:406,0
DA:409,0
DA:412,0
DA:415,0
DA:418,0
DA:421,0
DA:424,0
DA:427,0
DA:430,0
DA:433,0
DA:436,0
DA:439,0
DA:442,0
DA:445,0
DA:448,0
DA:451,0
DA:454,0
DA:457,0
DA:460,0
DA:463,0
DA:466,0
DA:469,0
DA:472,0
DA:475,0
DA:478,0
DA:481,0
DA:484,0
DA:487,0
DA:490,0
DA:493,0
DA:496,0
DA:499,0
DA:500,0
DA:501,0
DA:502,0
DA:503,0
DA:504,0
DA:505,0
DA:506,0
DA:508,0
DA:511,0
DA:514,0
DA:517,0
DA:520,0
DA:523,0
DA:526,0
DA:529,0
DA:533,0
DA:541,0
DA:542,0
DA:545,0
DA:547,0
DA:548,0
DA:552,0
DA:554,0
DA:558,0
DA:559,0
DA:561,0
DA:564,0
DA:567,0
DA:572,0
DA:577,0
DA:579,0
DA:584,0
DA:585,0
DA:588,0
DA:592,0
DA:637,0
DA:639,0
DA:694,0
DA:749,0
DA:754,0
DA:755,0
DA:758,0
DA:766,0
DA:767,0
DA:773,0
DA:832,0
DA:890,0
DA:949,0
DA:952,0
DA:953,0
DA:956,0
DA:1011,0
DA:1014,0
DA:1015,0
DA:1020,0
DA:1034,0
DA:1035,0
DA:1041,0
DA:1096,0
DA:1099,0
DA:1103,0
DA:1158,0
DA:1163,0
DA:1164,0
DA:1167,0
DA:1177,0
DA:1178,0
DA:1184,0
DA:1242,0
DA:1245,0
DA:1249,0
DA:1304,0
DA:1309,0
DA:1310,0
DA:1313,0
DA:1326,0
DA:1327,0
DA:1333,0
DA:1393,0
DA:1395,0
DA:1398,0
DA:1402,0
DA:1457,0
DA:1462,0
DA:1463,0
DA:1466,0
DA:1479,0
DA:1480,0
DA:1486,0
DA:1543,0
DA:1544,0
DA:1545,0
DA:1547,0
DA:1552,0
DA:1553,0
DA:1554,0
DA:1555,0
DA:1556,0
DA:1557,0
DA:1558,0
DA:1559,0
DA:1560,0
DA:1561,0
DA:1562,0
DA:1563,0
DA:1564,0
DA:1565,0
DA:1566,0
DA:1567,0
DA:1568,0
DA:1569,0
DA:1570,0
DA:1571,0
DA:1572,0
DA:1573,0
DA:1574,0
DA:1575,0
DA:1576,0
DA:1577,0
DA:1578,0
DA:1579,0
DA:1580,0
DA:1581,0
DA:1582,0
DA:1583,0
DA:1584,0
DA:1585,0
DA:1586,0
DA:1587,0
DA:1588,0
DA:1589,0
DA:1590,0
DA:1591,0
DA:1592,0
DA:1593,0
DA:1594,0
DA:1595,0
DA:1596,0
DA:1597,0
DA:1598,0
DA:1599,0
DA:1600,0
DA:1601,0
DA:1602,0
DA:1604,0
DA:1605,0
DA:1619,0
DA:1620,0
DA:1621,0
DA:1622,0
DA:1623,0
DA:1624,0
DA:1632,0
DA:1633,0
DA:1634,0
DA:1635,0
DA:1676,0
DA:1681,0
DA:1693,0
DA:1698,0
DA:1709,0
DA:1716,0
DA:1722,0
DA:1723,0
DA:1726,0
DA:1731,0
DA:1734,0
DA:1735,0
DA:1738,0
DA:1739,0
DA:1741,0
DA:1742,0
DA:1743,0
DA:1744,0
DA:1745,0
DA:1746,0
DA:1750,0
LF:291
LH:0
end_of_record
SF:lib\src\controller\device_info.dart
DA:32,0
DA:35,0
DA:37,0
DA:42,0
DA:44,0
DA:45,0
DA:46,0
DA:47,0
DA:48,0
DA:49,0
DA:50,0
DA:51,0
DA:52,0
DA:53,0
DA:54,0
DA:58,0
DA:59,0
DA:60,0
DA:61,0
DA:62,0
DA:63,0
DA:64,0
DA:65,0
DA:66,0
DA:67,0
DA:68,0
DA:69,0
DA:70,0
DA:71,0
DA:72,0
DA:73,0
DA:74,0
DA:75,0
DA:76,0
DA:77,0
DA:78,0
DA:79,0
DA:80,0
DA:81,0
DA:82,0
DA:83,0
DA:84,0
DA:85,0
DA:87,0
DA:88,0
DA:89,0
DA:90,0
DA:91,0
DA:92,0
DA:93,0
DA:94,0
DA:95,0
DA:96,0
DA:97,0
DA:99,0
DA:100,0
DA:101,0
DA:102,0
DA:103,0
DA:104,0
DA:105,0
DA:106,0
DA:107,0
DA:108,0
DA:109,0
DA:110,0
DA:111,0
DA:112,0
DA:113,0
DA:114,0
DA:115,0
DA:116,0
DA:117,0
DA:118,0
DA:119,0
DA:120,0
DA:121,0
DA:122,0
DA:123,0
DA:124,0
DA:125,0
DA:128,0
DA:129,0
DA:130,0
DA:131,0
DA:132,0
DA:133,0
DA:134,0
DA:135,0
DA:136,0
DA:137,0
DA:138,0
DA:139,0
LF:93
LH:0
end_of_record
SF:lib\src\controller\assets\assets.dart
DA:29,1
DA:31,1
DA:34,1
DA:40,0
DA:44,0
DA:45,0
DA:48,0
DA:50,0
DA:55,0
DA:56,0
DA:60,0
DA:67,0
DA:69,0
DA:72,0
DA:79,0
DA:81,0
DA:85,0
DA:92,0
DA:94,0
DA:98,0
DA:105,0
DA:106,0
DA:110,0
DA:112,0
DA:114,0
DA:116,0
DA:125,0
LF:27
LH:3
end_of_record
SF:lib\src\model\mvc.dart
DA:29,0
DA:30,0
DA:35,0
LF:3
LH:0
end_of_record
SF:lib\src\model\fileutils\files.dart
DA:28,0
DA:30,0
DA:31,0
DA:36,0
DA:37,0
DA:38,0
DA:41,0
DA:45,0
DA:54,0
DA:55,0
DA:56,0
DA:60,0
DA:61,0
DA:63,0
DA:64,0
DA:66,0
DA:69,0
DA:70,0
DA:71,0
LF:19
LH:0
end_of_record
SF:lib\src\model\fileutils\installfile.dart
DA:33,0
DA:35,0
DA:40,0
DA:44,0
DA:49,0
DA:51,0
DA:60,0
DA:61,0
DA:63,0
DA:68,0
DA:71,0
DA:72,0
LF:12
LH:0
end_of_record
SF:lib\src\view\app_navigator.dart
DA:10,0
DA:15,0
DA:21,0
DA:25,0
DA:26,0
DA:43,0
DA:44,0
DA:48,0
DA:51,0
DA:53,0
DA:54,0
DA:56,0
DA:62,0
DA:63,0
DA:64,0
DA:65,0
DA:66,0
DA:67,0
DA:69,0
DA:71,0
DA:75,0
DA:76,0
DA:79,0
DA:87,0
DA:89,0
DA:91,0
DA:92,0
DA:94,0
DA:95,0
DA:100,0
DA:104,0
DA:107,0
DA:113,0
DA:119,0
DA:121,0
DA:126,0
DA:130,0
DA:136,0
DA:140,0
DA:146,0
DA:152,0
DA:154,0
DA:159,0
DA:163,0
DA:167,0
DA:173,0
DA:175,0
DA:180,0
DA:184,0
DA:187,0
DA:190,0
DA:191,0
DA:194,0
DA:198,0
DA:203,0
DA:204,0
DA:206,0
DA:212,0
DA:213,0
DA:214,0
DA:216,0
DA:221,0
DA:223,0
DA:224,0
DA:234,0
DA:235,0
DA:237,0
DA:248,0
DA:249,0
DA:250,0
DA:254,0
DA:256,0
DA:259,0
DA:261,0
DA:265,0
DA:268,0
DA:271,0
DA:273,0
DA:274,0
DA:278,0
DA:284,0
DA:286,0
DA:287,0
DA:290,0
DA:291,0
DA:294,0
DA:295,0
DA:297,0
DA:300,0
DA:306,0
DA:312,0
DA:317,0
DA:329,0
DA:330,0
DA:331,0
DA:332,0
DA:333,0
DA:336,0
DA:340,0
DA:342,0
DA:348,0
DA:353,0
DA:354,0
DA:356,0
DA:357,0
DA:360,0
DA:367,0
DA:375,0
DA:376,0
DA:384,0
DA:398,0
DA:402,0
DA:405,0
DA:408,0
DA:412,0
DA:417,0
DA:423,0
DA:431,0
DA:432,0
DA:434,0
DA:439,0
DA:440,0
DA:441,0
LF:123
LH:0
end_of_record
SF:lib\src\view\platforms\run_app.dart
DA:31,0
DA:39,0
DA:45,0
DA:47,0
DA:49,0
DA:50,0
DA:51,0
DA:54,0
DA:57,0
DA:58,0
DA:59,0
LF:11
LH:0
end_of_record
SF:lib\src\view\utils\app_settings.dart
DA:52,0
DA:54,0
DA:56,0
DA:59,0
DA:61,0
DA:64,0
DA:72,0
DA:84,0
DA:90,0
DA:92,0
DA:93,0
DA:94,0
DA:95,0
DA:96,0
DA:103,0
DA:107,0
DA:109,0
DA:110,0
DA:111,0
DA:112,0
DA:115,0
DA:116,0
DA:119,0
DA:120,0
DA:121,0
DA:130,0
DA:135,0
DA:141,0
DA:143,0
DA:144,0
DA:145,0
DA:146,0
DA:147,0
DA:149,0
DA:150,0
DA:170,0
DA:171,0
DA:174,0
DA:175,0
DA:176,0
LF:40
LH:0
end_of_record
SF:lib\src\view\utils\error_handler.dart
DA:59,1
DA:65,1
DA:68,1
DA:81,1
DA:83,1
DA:86,2
DA:93,1
DA:100,0
DA:114,1
DA:119,1
DA:136,0
DA:140,0
DA:144,1
DA:180,0
DA:183,0
DA:185,0
DA:191,0
DA:193,0
DA:194,0
DA:203,0
DA:206,0
DA:211,0
DA:221,0
DA:222,0
DA:229,0
DA:234,0
DA:235,0
DA:244,0
DA:245,0
DA:255,0
DA:262,0
DA:269,0
DA:277,0
DA:280,0
DA:282,0
DA:284,0
DA:286,0
DA:287,0
DA:288,0
DA:290,0
DA:295,0
DA:296,0
DA:297,0
DA:303,0
DA:305,0
DA:311,0
DA:313,0
DA:315,0
DA:317,0
DA:318,0
DA:319,0
DA:321,0
DA:322,0
DA:329,0
DA:331,0
DA:332,0
DA:335,0
DA:338,0
DA:348,0
DA:350,0
DA:355,0
DA:356,0
DA:357,0
DA:358,0
DA:370,0
DA:375,0
DA:380,0
DA:383,0
DA:386,0
DA:388,0
DA:403,0
DA:413,0
DA:416,0
DA:418,0
DA:421,0
DA:427,0
DA:430,0
DA:431,0
DA:436,0
DA:437,0
DA:444,0
DA:449,0
DA:454,0
DA:457,0
DA:458,0
DA:459,0
DA:462,0
DA:463,0
DA:464,0
DA:466,0
DA:467,0
DA:468,0
DA:470,0
DA:480,0
DA:485,0
DA:493,0
DA:495,0
DA:497,0
DA:504,0
DA:512,0
DA:513,0
DA:515,0
DA:516,0
LF:103
LH:10
end_of_record
SF:lib\src\view\utils\inherited_state.dart
DA:32,0
DA:34,0
DA:36,0
DA:39,0
DA:41,0
DA:44,0
DA:47,0
DA:49,0
DA:51,0
DA:56,0
DA:60,0
DA:66,0
DA:67,0
DA:70,0
DA:71,0
DA:72,0
DA:78,0
DA:80,0
DA:82,0
DA:83,0
DA:84,0
DA:92,0
DA:94,0
DA:95,0
DA:99,0
DA:102,0
DA:103,0
DA:104,0
DA:108,0
DA:111,0
DA:113,0
DA:115,0
DA:119,0
DA:121,0
DA:122,0
DA:126,0
DA:128,0
LF:37
LH:0
end_of_record
SF:lib\src\view\utils\loading_screen.dart
DA:48,0
DA:49,0
DA:50,0
DA:58,0
DA:60,0
DA:61,0
DA:63,0
DA:64,0
DA:65,0
DA:68,0
DA:69,0
DA:70,0
DA:71,0
DA:72,0
DA:77,0
DA:79,0
DA:80,0
DA:83,0
DA:85,0
DA:86,0
DA:87,0
DA:88,0
DA:89,0
DA:90,0
LF:24
LH:0
end_of_record
SF:lib\src\view\utils\timezone.dart
DA:7,0
DA:9,0
DA:10,0
DA:14,0
DA:15,0
DA:17,0
DA:18,0
DA:19,0
DA:21,0
LF:9
LH:0
end_of_record
SF:lib\src\view\uxutils\src\view\common_widgets\custom_raised_button.dart
DA:35,0
DA:44,0
DA:53,0
DA:54,0
DA:55,0
DA:56,0
DA:57,0
DA:69,0
DA:71,0
DA:72,0
DA:73,0
DA:74,0
DA:75,0
LF:13
LH:0
end_of_record
SF:lib\src\view\uxutils\src\view\custom_scroll_physics.dart
DA:32,0
DA:35,0
DA:39,0
DA:41,0
DA:42,0
DA:43,0
DA:46,0
DA:48,0
DA:49,0
DA:51,0
DA:53,0
DA:54,0
DA:55,0
DA:56,0
DA:57,0
DA:59,0
DA:62,0
DA:67,0
DA:68,0
DA:69,0
DA:71,0
DA:73,0
DA:74,0
DA:75,0
DA:81,0
LF:25
LH:0
end_of_record
SF:lib\src\view\uxutils\src\view\dialog_box.dart
DA:25,0
DA:57,0
DA:58,0
DA:60,0
DA:61,0
DA:69,0
DA:73,0
DA:89,0
DA:90,0
DA:91,0
DA:93,0
DA:95,0
DA:96,0
DA:98,0
DA:100,0
DA:102,0
DA:103,0
DA:105,0
DA:107,0
DA:108,0
DA:110,0
DA:112,0
DA:117,0
DA:119,0
DA:120,0
DA:121,0
DA:122,0
DA:124,0
DA:126,0
DA:127,0
DA:129,0
DA:131,0
DA:133,0
DA:134,0
DA:136,0
DA:138,0
DA:139,0
DA:141,0
DA:143,0
DA:154,0
DA:163,0
DA:164,0
DA:166,0
DA:167,0
DA:174,0
DA:179,0
DA:187,0
DA:188,0
DA:189,0
DA:190,0
DA:191,0
DA:195,0
DA:196,0
DA:197,0
DA:198,0
DA:210,0
DA:211,0
DA:214,0
DA:215,0
DA:216,0
DA:217,0
DA:220,0
DA:222,0
DA:223,0
DA:224,0
DA:225,0
DA:228,0
DA:229,0
DA:230,0
DA:232,0
DA:235,0
DA:236,0
DA:237,0
DA:239,0
DA:240,0
DA:245,0
DA:246,0
DA:247,0
DA:248,0
DA:250,0
DA:252,0
DA:257,0
DA:258,0
DA:265,0
DA:266,0
DA:268,0
DA:270,0
DA:278,0
DA:279,0
DA:281,0
DA:283,0
DA:291,0
DA:304,0
DA:311,0
DA:312,0
DA:313,0
DA:314,0
DA:316,0
DA:317,0
DA:319,0
DA:322,0
DA:323,0
DA:324,0
DA:325,0
DA:326,0
DA:331,0
DA:334,0
DA:335,0
DA:336,0
DA:337,0
DA:349,0
DA:360,0
DA:361,0
DA:362,0
DA:363,0
DA:364,0
DA:371,0
DA:383,0
DA:385,0
DA:386,0
DA:387,0
DA:388,0
DA:389,0
DA:390,0
DA:391,0
DA:392,0
DA:393,0
DA:394,0
DA:395,0
DA:396,0
DA:398,0
DA:399,0
DA:400,0
DA:401,0
LF:134
LH:0
end_of_record
SF:lib\src\view\uxutils\src\view\iso_spinner.dart
DA:9,0
DA:15,0
DA:21,0
DA:22,0
DA:26,0
DA:28,0
DA:30,0
DA:34,0
DA:35,0
DA:36,0
DA:37,0
DA:40,0
DA:43,0
DA:49,0
DA:50,0
DA:52,0
DA:54,0
DA:55,0
DA:56,0
DA:57,0
DA:58,0
DA:59,0
DA:60,0
LF:23
LH:0
end_of_record
SF:lib\src\view\uxutils\src\view\nav_bottom_bar.dart
DA:32,0
DA:78,0
DA:79,0
DA:82,0
DA:103,0
DA:104,0
DA:110,0
DA:112,0
DA:113,0
DA:115,0
DA:116,0
DA:120,0
DA:122,0
DA:123,0
DA:124,0
DA:125,0
DA:126,0
DA:127,0
DA:129,0
DA:133,0
DA:134,0
DA:135,0
DA:136,0
DA:137,0
DA:138,0
DA:139,0
DA:141,0
DA:143,0
DA:145,0
DA:146,0
DA:147,0
DA:148,0
DA:149,0
DA:150,0
LF:34
LH:0
end_of_record
SF:lib\src\view\uxutils\src\view\show_cupertino_date_picker.dart
DA:57,0
DA:79,0
DA:82,0
DA:85,0
DA:90,0
DA:92,0
DA:102,0
DA:105,0
DA:109,0
DA:111,0
DA:112,0
DA:113,0
DA:118,0
DA:120,0
DA:125,0
DA:127,0
DA:129,0
DA:131,0
DA:132,0
DA:140,0
DA:142,0
DA:143,0
DA:144,0
DA:148,0
DA:149,0
DA:152,0
DA:156,0
DA:157,0
DA:158,0
DA:160,0
LF:30
LH:0
end_of_record
SF:lib\src\view\uxutils\src\view\simple_bottom_appbar.dart
DA:60,0
DA:62,0
DA:68,0
DA:69,0
DA:90,0
DA:92,0
DA:93,0
DA:95,0
DA:96,0
DA:97,0
DA:98,0
DA:100,0
DA:101,0
DA:102,0
DA:104,0
DA:105,0
DA:106,0
DA:108,0
DA:109,0
DA:110,0
DA:112,0
DA:113,0
DA:114,0
DA:116,0
DA:117,0
DA:118,0
DA:120,0
DA:122,0
DA:123,0
DA:124,0
DA:125,0
DA:126,0
DA:127,0
DA:128,0
DA:129,0
DA:130,0
DA:131,0
DA:132,0
DA:133,0
DA:134,0
DA:135,0
DA:136,0
DA:137,0
DA:138,0
DA:139,0
DA:140,0
DA:141,0
DA:142,0
DA:143,0
DA:144,0
DA:145,0
DA:146,0
DA:147,0
DA:153,0
DA:155,0
DA:156,0
DA:159,0
DA:160,0
DA:161,0
DA:167,0
DA:168,0
DA:169,0
DA:170,0
DA:171,0
DA:172,0
DA:176,0
DA:182,0
DA:185,0
DA:186,0
DA:189,0
DA:190,0
DA:193,0
DA:194,0
DA:197,0
DA:198,0
DA:203,0
DA:204,0
DA:206,0
DA:207,0
DA:211,0
DA:212,0
DA:213,0
DA:215,0
DA:217,0
DA:218,0
DA:219,0
DA:220,0
DA:221,0
DA:222,0
DA:223,0
DA:228,0
DA:229,0
DA:230,0
DA:231,0
DA:232,0
DA:233,0
DA:234,0
DA:235,0
DA:250,0
DA:257,0
DA:258,0
DA:261,0
DA:263,0
DA:270,0
DA:271,0
DA:274,0
DA:276,0
DA:283,0
DA:284,0
DA:287,0
DA:289,0
DA:296,0
DA:297,0
DA:300,0
DA:302,0
DA:309,0
DA:310,0
DA:313,0
DA:315,0
DA:322,0
DA:323,0
DA:326,0
DA:328,0
DA:335,0
DA:336,0
DA:339,0
DA:341,0
LF:127
LH:0
end_of_record
SF:lib\src\view\uxutils\src\view\tab_buttons.dart
DA:4,0
DA:16,0
DA:33,0
DA:36,0
DA:40,0
DA:45,0
DA:46,0
DA:91,0
DA:94,0
DA:96,0
DA:97,0
DA:98,0
DA:100,0
DA:101,0
DA:106,0
DA:107,0
DA:108,0
DA:109,0
DA:111,0
DA:112,0
DA:114,0
DA:116,0
DA:120,0
DA:122,0
DA:124,0
DA:126,0
DA:127,0
DA:129,0
DA:137,0
DA:138,0
DA:140,0
DA:141,0
DA:142,0
DA:143,0
DA:166,0
DA:168,0
DA:169,0
DA:170,0
DA:171,0
DA:174,0
DA:175,0
DA:177,0
DA:178,0
DA:180,0
DA:182,0
DA:183,0
DA:187,0
DA:188,0
DA:190,0
DA:192,0
DA:193,0
DA:194,0
DA:195,0
DA:196,0
DA:203,0
DA:204,0
DA:205,0
DA:207,0
DA:209,0
DA:211,0
DA:214,0
DA:220,0
DA:222,0
DA:224,0
DA:225,0
DA:230,0
DA:232,0
DA:235,0
DA:237,0
DA:241,0
DA:245,0
DA:247,0
DA:248,0
DA:252,0
DA:253,0
DA:254,0
DA:258,0
DA:261,0
DA:263,0
DA:264,0
DA:266,0
DA:270,0
DA:272,0
DA:276,0
DA:278,0
DA:279,0
DA:281,0
DA:282,0
DA:285,0
DA:287,0
DA:291,0
DA:293,0
DA:295,0
DA:298,0
DA:301,0
DA:303,0
DA:305,0
DA:308,0
DA:315,0
DA:318,0
DA:320,0
DA:323,0
DA:324,0
DA:328,0
DA:329,0
DA:334,0
LF:106
LH:0
end_of_record
SF:lib\src\view\uxutils\src\view\variable_string.dart
DA:22,0
DA:24,0
DA:26,0
DA:30,0
DA:31,0
DA:38,0
DA:39,0
DA:40,0
DA:41,0
DA:43,0
DA:48,0
LF:11
LH:0
end_of_record
